INFO:root:Conexão ao PostgreSQL bem-sucedida
INFO:root:Conexão ao PostgreSQL fechada
INFO:root:Conexão ao PostgreSQL bem-sucedida
INFO:root:Conexão ao PostgreSQL fechada
INFO:root:Encontrei a janela Aviso
INFO:root:Apertando Enter
INFO:root:Conexão ao PostgreSQL bem-sucedida
INFO:root:Conexão ao PostgreSQL fechada
INFO:root:Encontrei a janela Aviso
INFO:root:Apertando Enter
2024-04-14 20:55 - Conexão ao PostgreSQL bem-sucedida
2024-04-14 20:55 - Conexão ao PostgreSQL fechada
2024-04-14 20:55 - Conexão ao PostgreSQL bem-sucedida
2024-04-14 20:55 - Conexão ao PostgreSQL fechada
2024-04-14 20:56 - Encontrei a janela Aviso
2024-04-14 20:56 - Apertando Enter
2024-04-14 20:58:15 - Conexão ao PostgreSQL bem-sucedida
2024-04-14 20:58:15 - Conexão ao PostgreSQL fechada
2024-04-14 20:58:53 - Encontrei a janela Aviso
2024-04-14 20:58:53 - Apertando Enter
